<?xml version="1.0" encoding="UTF-8"?>
<testng-results ignored="0" total="3" passed="3" failed="0" skipped="0">
  <reporter-output>
  </reporter-output>
  <suite started-at="2023-03-12T21:00:33 IST" name="Default suite" finished-at="2023-03-12T21:03:16 IST" duration-ms="163760">
    <groups>
    </groups>
    <test started-at="2023-03-12T21:00:33 IST" name="Default test" finished-at="2023-03-12T21:03:16 IST" duration-ms="163760">
      <class name="dataprovider_Demo.Detaprovider_Class1">
        <test-method is-config="true" signature="setup()[pri:0, instance:dataprovider_Demo.Detaprovider_Class1@49912c99]" started-at="2023-03-12T21:00:33 IST" name="setup" finished-at="2023-03-12T21:02:35 IST" duration-ms="122705" status="PASS">
          <reporter-output>
          </reporter-output>
        </test-method> <!-- setup -->
        <test-method signature="login(java.lang.String,java.lang.String)[pri:0, instance:dataprovider_Demo.Detaprovider_Class1@49912c99]" started-at="2023-03-12T21:02:35 IST" name="login" data-provider="testdata" finished-at="2023-03-12T21:02:38 IST" duration-ms="2881" status="PASS">
          <params>
            <param index="0">
              <value>
                <![CDATA[Akshay]]>
              </value>
            </param>
            <param index="1">
              <value>
                <![CDATA[123]]>
              </value>
            </param>
          </params>
          <reporter-output>
          </reporter-output>
        </test-method> <!-- login -->
        <test-method signature="login(java.lang.String,java.lang.String)[pri:0, instance:dataprovider_Demo.Detaprovider_Class1@49912c99]" started-at="2023-03-12T21:02:38 IST" name="login" data-provider="testdata" finished-at="2023-03-12T21:02:59 IST" duration-ms="20942" status="PASS">
          <params>
            <param index="0">
              <value>
                <![CDATA[Mahadev]]>
              </value>
            </param>
            <param index="1">
              <value>
                <![CDATA[456]]>
              </value>
            </param>
          </params>
          <reporter-output>
          </reporter-output>
        </test-method> <!-- login -->
        <test-method signature="login(java.lang.String,java.lang.String)[pri:0, instance:dataprovider_Demo.Detaprovider_Class1@49912c99]" started-at="2023-03-12T21:02:59 IST" name="login" data-provider="testdata" finished-at="2023-03-12T21:03:16 IST" duration-ms="16246" status="PASS">
          <params>
            <param index="0">
              <value>
                <![CDATA[Patil]]>
              </value>
            </param>
            <param index="1">
              <value>
                <![CDATA[789]]>
              </value>
            </param>
          </params>
          <reporter-output>
          </reporter-output>
        </test-method> <!-- login -->
        <test-method is-config="true" signature="teardown()[pri:0, instance:dataprovider_Demo.Detaprovider_Class1@49912c99]" started-at="2023-03-12T21:03:16 IST" name="teardown" finished-at="2023-03-12T21:03:16 IST" duration-ms="874" status="PASS">
          <reporter-output>
          </reporter-output>
        </test-method> <!-- teardown -->
      </class> <!-- dataprovider_Demo.Detaprovider_Class1 -->
    </test> <!-- Default test -->
  </suite> <!-- Default suite -->
</testng-results>
